{"/Users/damianwarzecha/Coding/log-panda-backend/utils/elapsedTimeUtils.js": {"path":"/Users/damianwarzecha/Coding/log-panda-backend/utils/elapsedTimeUtils.js","statementMap":{"0":{"start":{"line":1,"column":0},"end":{"line":17,"column":2}},"1":{"start":{"line":2,"column":17},"end":{"line":4,"column":6}},"2":{"start":{"line":3,"column":8},"end":{"line":3,"column":45}},"3":{"start":{"line":6,"column":20},"end":{"line":6,"column":52}},"4":{"start":{"line":7,"column":20},"end":{"line":7,"column":52}},"5":{"start":{"line":8,"column":20},"end":{"line":8,"column":52}},"6":{"start":{"line":9,"column":20},"end":{"line":9,"column":52}},"7":{"start":{"line":11,"column":4},"end":{"line":16,"column":6}}},"fnMap":{"0":{"name":"(anonymous_0)","decl":{"start":{"line":1,"column":38},"end":{"line":1,"column":39}},"loc":{"start":{"line":1,"column":48},"end":{"line":17,"column":1}},"line":1},"1":{"name":"(anonymous_1)","decl":{"start":{"line":2,"column":27},"end":{"line":2,"column":28}},"loc":{"start":{"line":2,"column":37},"end":{"line":4,"column":5}},"line":2}},"branchMap":{},"s":{"0":1,"1":1,"2":0,"3":1,"4":1,"5":1,"6":1,"7":1},"f":{"0":1,"1":0},"b":{},"_coverageSchema":"43e27e138ebf9cfc5966b082cf9a028302ed4184","hash":"3fdf69156b0c0a57a1141b350a4eec2509e05a24"}
,"/Users/damianwarzecha/Coding/log-panda-backend/utils/errorRateUtils.js": {"path":"/Users/damianwarzecha/Coding/log-panda-backend/utils/errorRateUtils.js","statementMap":{"0":{"start":{"line":2,"column":0},"end":{"line":16,"column":2}},"1":{"start":{"line":3,"column":22},"end":{"line":8,"column":5}},"2":{"start":{"line":10,"column":4},"end":{"line":15,"column":20}},"3":{"start":{"line":10,"column":42},"end":{"line":15,"column":5}},"4":{"start":{"line":19,"column":22},"end":{"line":19,"column":59}},"5":{"start":{"line":19,"column":33},"end":{"line":19,"column":58}},"6":{"start":{"line":20,"column":22},"end":{"line":20,"column":45}},"7":{"start":{"line":20,"column":33},"end":{"line":20,"column":44}},"8":{"start":{"line":21,"column":28},"end":{"line":21,"column":50}},"9":{"start":{"line":21,"column":39},"end":{"line":21,"column":49}},"10":{"start":{"line":24,"column":0},"end":{"line":24,"column":38}},"11":{"start":{"line":25,"column":0},"end":{"line":25,"column":38}},"12":{"start":{"line":26,"column":0},"end":{"line":26,"column":50}}},"fnMap":{"0":{"name":"(anonymous_0)","decl":{"start":{"line":2,"column":30},"end":{"line":2,"column":31}},"loc":{"start":{"line":2,"column":40},"end":{"line":16,"column":1}},"line":2},"1":{"name":"(anonymous_1)","decl":{"start":{"line":10,"column":23},"end":{"line":10,"column":24}},"loc":{"start":{"line":10,"column":42},"end":{"line":15,"column":5}},"line":10},"2":{"name":"(anonymous_2)","decl":{"start":{"line":19,"column":22},"end":{"line":19,"column":23}},"loc":{"start":{"line":19,"column":33},"end":{"line":19,"column":58}},"line":19},"3":{"name":"(anonymous_3)","decl":{"start":{"line":20,"column":22},"end":{"line":20,"column":23}},"loc":{"start":{"line":20,"column":33},"end":{"line":20,"column":44}},"line":20},"4":{"name":"(anonymous_4)","decl":{"start":{"line":21,"column":28},"end":{"line":21,"column":29}},"loc":{"start":{"line":21,"column":39},"end":{"line":21,"column":49}},"line":21}},"branchMap":{"0":{"loc":{"start":{"line":19,"column":33},"end":{"line":19,"column":58}},"type":"binary-expr","locations":[{"start":{"line":19,"column":33},"end":{"line":19,"column":44}},{"start":{"line":19,"column":48},"end":{"line":19,"column":58}}],"line":19}},"s":{"0":1,"1":4,"2":4,"3":8,"4":1,"5":8,"6":1,"7":8,"8":1,"9":8,"10":1,"11":1,"12":1},"f":{"0":4,"1":8,"2":8,"3":8,"4":8},"b":{"0":[8,5]},"_coverageSchema":"43e27e138ebf9cfc5966b082cf9a028302ed4184","hash":"764e37a083cc7730f17d6c2e5c336d9ebc3853bf"}
}
