TN:
SF:/Users/damianwarzecha/Coding/log-panda-backend/utils/elapsedTimeUtils.js
FN:1,(anonymous_0)
FN:2,(anonymous_1)
FNF:2
FNH:1
FNDA:1,(anonymous_0)
FNDA:0,(anonymous_1)
DA:1,1
DA:2,1
DA:3,0
DA:6,1
DA:7,1
DA:8,1
DA:9,1
DA:11,1
LF:8
LH:7
BRF:0
BRH:0
end_of_record
TN:
SF:/Users/damianwarzecha/Coding/log-panda-backend/utils/errorRateUtils.js
FN:2,(anonymous_0)
FN:10,(anonymous_1)
FN:19,(anonymous_2)
FN:20,(anonymous_3)
FN:21,(anonymous_4)
FNF:5
FNH:5
FNDA:4,(anonymous_0)
FNDA:8,(anonymous_1)
FNDA:8,(anonymous_2)
FNDA:8,(anonymous_3)
FNDA:8,(anonymous_4)
DA:2,1
DA:3,4
DA:10,8
DA:19,8
DA:20,8
DA:21,8
DA:24,1
DA:25,1
DA:26,1
LF:9
LH:9
BRDA:19,0,0,8
BRDA:19,0,1,5
BRF:2
BRH:2
end_of_record
